[debug] [2019-01-15T15:27:23.932Z] ----------------------------------------------------------------------
[debug] [2019-01-15T15:27:23.934Z] Command:       /Users/faisal.as/.nvm/versions/node/v8.11.3/bin/node /Users/faisal.as/.nvm/versions/node/v8.11.3/bin/firebase serve
[debug] [2019-01-15T15:27:23.934Z] CLI Version:   6.2.2
[debug] [2019-01-15T15:27:23.934Z] Platform:      darwin
[debug] [2019-01-15T15:27:23.934Z] Node Version:  v8.11.3
[debug] [2019-01-15T15:27:23.934Z] Time:          Tue Jan 15 2019 20:57:23 GMT+0530 (IST)
[debug] [2019-01-15T15:27:23.935Z] ----------------------------------------------------------------------
[debug] 
[debug] [2019-01-15T15:27:23.943Z] > command requires scopes: ["email","openid","https://www.googleapis.com/auth/cloudplatformprojects.readonly","https://www.googleapis.com/auth/firebase","https://www.googleapis.com/auth/cloud-platform"]
[debug] [2019-01-15T15:27:23.943Z] > authorizing via signed-in user
[debug] [2019-01-15T15:27:23.943Z] [iam] checking project zetwork-4e2c1 for permissions ["firebase.projects.get"]
[debug] [2019-01-15T15:27:23.945Z] >>> HTTP REQUEST POST https://cloudresourcemanager.googleapis.com/v1/projects/zetwork-4e2c1:testIamPermissions  

[debug] [2019-01-15T15:27:25.462Z] <<< HTTP RESPONSE 200
[debug] [2019-01-15T15:27:25.464Z] >>> HTTP REQUEST GET https://cloudresourcemanager.googleapis.com/v1/projects/zetwork-4e2c1  
 
[debug] [2019-01-15T15:27:26.993Z] <<< HTTP RESPONSE 200
[info] 
[info] === Serving from '/Users/faisal.as/workspace/testing/zetwork-assignment/employee-app'...
[info] 
[debug] [2019-01-15T15:27:26.995Z] >>> HTTP REQUEST GET https://mobilesdk-pa.googleapis.com/v1/projects/333058710805/clients/_:getWebAppConfig  
 
[debug] [2019-01-15T15:27:27.503Z] <<< HTTP RESPONSE 200
[info] i  hosting: Serving hosting files from: yes
[info] ✔  hosting: Local server: http://localhost:5000
